[0807/232812.925:ERROR:child_thread_impl.cc(762)] Request for unknown Channel-associated interface: ui::mojom::GpuMain
[0807/233118.176:ERROR:child_thread_impl.cc(762)] Request for unknown Channel-associated interface: ui::mojom::GpuMain
[0807/233309.224:ERROR:child_thread_impl.cc(762)] Request for unknown Channel-associated interface: ui::mojom::GpuMain
[0807/234453.269:ERROR:child_thread_impl.cc(762)] Request for unknown Channel-associated interface: ui::mojom::GpuMain
[0807/234639.484:ERROR:child_thread_impl.cc(762)] Request for unknown Channel-associated interface: ui::mojom::GpuMain
[0807/234655.695:ERROR:browser_host_impl.cc(1556)] Invalid URL passed to CefBrowserHostImpl::LoadURL: http:
[0807/234655.923:ERROR:browser_host_impl.cc(1556)] Invalid URL passed to CefBrowserHostImpl::LoadURL: http:/
[0807/234656.068:ERROR:browser_host_impl.cc(1556)] Invalid URL passed to CefBrowserHostImpl::LoadURL: http://
[0807/234701.557:WARNING:quota_manager.cc(1833)] Create directory failed for path
[0807/234701.558:WARNING:quota_manager.cc(1833)] Create directory failed for path
[0807/234914.044:ERROR:child_thread_impl.cc(762)] Request for unknown Channel-associated interface: ui::mojom::GpuMain
[0807/235051.365:ERROR:child_thread_impl.cc(762)] Request for unknown Channel-associated interface: ui::mojom::GpuMain
[0807/235054.983:ERROR:browser_host_impl.cc(1556)] Invalid URL passed to CefBrowserHostImpl::LoadURL: http:
[0807/235055.300:ERROR:browser_host_impl.cc(1556)] Invalid URL passed to CefBrowserHostImpl::LoadURL: http:/
[0807/235141.948:ERROR:browser_host_impl.cc(1556)] Invalid URL passed to CefBrowserHostImpl::LoadURL: http:
[0807/235142.097:ERROR:browser_host_impl.cc(1556)] Invalid URL passed to CefBrowserHostImpl::LoadURL: http:/
[0807/235142.262:ERROR:browser_host_impl.cc(1556)] Invalid URL passed to CefBrowserHostImpl::LoadURL: http://
[0807/235155.893:ERROR:browser_host_impl.cc(1556)] Invalid URL passed to CefBrowserHostImpl::LoadURL: http:
[0807/235156.059:ERROR:browser_host_impl.cc(1556)] Invalid URL passed to CefBrowserHostImpl::LoadURL: http:/
[0807/235156.328:ERROR:browser_host_impl.cc(1556)] Invalid URL passed to CefBrowserHostImpl::LoadURL: http://
[0807/235203.925:WARNING:quota_manager.cc(1833)] Create directory failed for path
[0807/235203.926:WARNING:quota_manager.cc(1833)] Create directory failed for path
[0807/235312.797:ERROR:child_thread_impl.cc(762)] Request for unknown Channel-associated interface: ui::mojom::GpuMain
[0807/235314.372:WARNING:spdy_session.cc(2276)] Received HEADERS for invalid stream 7
[0807/235403.723:ERROR:child_thread_impl.cc(762)] Request for unknown Channel-associated interface: ui::mojom::GpuMain
[0808/001938.730:ERROR:child_thread_impl.cc(762)] Request for unknown Channel-associated interface: ui::mojom::GpuMain
[0808/002329.098:ERROR:child_thread_impl.cc(762)] Request for unknown Channel-associated interface: ui::mojom::GpuMain
[0808/002624.208:ERROR:child_thread_impl.cc(762)] Request for unknown Channel-associated interface: ui::mojom::GpuMain
[0808/153329.382:ERROR:child_thread_impl.cc(762)] Request for unknown Channel-associated interface: ui::mojom::GpuMain
[0808/154017.565:ERROR:child_thread_impl.cc(762)] Request for unknown Channel-associated interface: ui::mojom::GpuMain
[0808/154023.046:ERROR:browser_host_impl.cc(1556)] Invalid URL passed to CefBrowserHostImpl::LoadURL: http:
[0808/154023.288:ERROR:browser_host_impl.cc(1556)] Invalid URL passed to CefBrowserHostImpl::LoadURL: http:/
[0808/154023.671:ERROR:browser_host_impl.cc(1556)] Invalid URL passed to CefBrowserHostImpl::LoadURL: http://
[0808/154042.056:ERROR:browser_host_impl.cc(1556)] Invalid URL passed to CefBrowserHostImpl::LoadURL: http:
[0808/154042.265:ERROR:browser_host_impl.cc(1556)] Invalid URL passed to CefBrowserHostImpl::LoadURL: http:/
[0808/154042.791:ERROR:browser_host_impl.cc(1556)] Invalid URL passed to CefBrowserHostImpl::LoadURL: http://
[0808/154052.056:WARNING:quota_manager.cc(1833)] Create directory failed for path
[0808/154052.057:WARNING:quota_manager.cc(1833)] Create directory failed for path
[0808/154257.958:ERROR:child_thread_impl.cc(762)] Request for unknown Channel-associated interface: ui::mojom::GpuMain
[0808/154305.895:WARNING:quota_manager.cc(1833)] Create directory failed for path
[0808/154305.896:WARNING:quota_manager.cc(1833)] Create directory failed for path
[0808/154748.674:ERROR:child_thread_impl.cc(762)] Request for unknown Channel-associated interface: ui::mojom::GpuMain
[0808/154908.496:ERROR:child_thread_impl.cc(762)] Request for unknown Channel-associated interface: ui::mojom::GpuMain
[0808/154931.360:WARNING:quota_manager.cc(1833)] Create directory failed for path
[0808/154931.361:WARNING:quota_manager.cc(1833)] Create directory failed for path
[0808/155000.215:ERROR:child_thread_impl.cc(762)] Request for unknown Channel-associated interface: ui::mojom::GpuMain
[0808/155009.485:WARNING:quota_manager.cc(1833)] Create directory failed for path
[0808/155009.487:WARNING:quota_manager.cc(1833)] Create directory failed for path
[0808/155010.116:WARNING:spdy_session.cc(2276)] Received HEADERS for invalid stream 5
[0808/155010.345:WARNING:spdy_session.cc(2276)] Received HEADERS for invalid stream 3
[0808/155257.678:ERROR:child_thread_impl.cc(762)] Request for unknown Channel-associated interface: ui::mojom::GpuMain
[0808/155331.032:ERROR:socket_dispatcher_host.cc(90)] Failed to resolve address for x., errorcode: -105
[0808/155331.032:ERROR:socket_dispatcher_host.cc(90)] Failed to resolve address for x., errorcode: -105
[0808/155331.032:WARNING:stunport.cc(385)] Jingle:Port[0EF0FCA0:data:1:0:local:Net[any:0.0.0.x/0:Unknown]]: StunPort: stun host lookup received error -1
[0808/155331.032:WARNING:stunport.cc(385)] Jingle:Port[0EF0FF48:data:1:0:local:Net[any:0:0:0:x:x:x:x:x/0:Unknown]]: StunPort: stun host lookup received error -1
[0808/155335.883:ERROR:child_thread_impl.cc(762)] Request for unknown Channel-associated interface: ui::mojom::GpuMain
[0808/160044.584:ERROR:child_thread_impl.cc(762)] Request for unknown Channel-associated interface: ui::mojom::GpuMain
[0808/160051.950:WARNING:spdy_session.cc(2276)] Received HEADERS for invalid stream 15
[0808/160052.047:WARNING:spdy_session.cc(2276)] Received HEADERS for invalid stream 17
[0808/162353.232:ERROR:child_thread_impl.cc(762)] Request for unknown Channel-associated interface: ui::mojom::GpuMain
[0808/162916.663:ERROR:child_thread_impl.cc(762)] Request for unknown Channel-associated interface: ui::mojom::GpuMain
[0808/163219.136:ERROR:child_thread_impl.cc(762)] Request for unknown Channel-associated interface: ui::mojom::GpuMain
[0808/163338.296:ERROR:child_thread_impl.cc(762)] Request for unknown Channel-associated interface: ui::mojom::GpuMain
[0808/163545.636:ERROR:child_thread_impl.cc(762)] Request for unknown Channel-associated interface: ui::mojom::GpuMain
[0808/163756.298:ERROR:child_thread_impl.cc(762)] Request for unknown Channel-associated interface: ui::mojom::GpuMain
[0808/170600.958:ERROR:child_thread_impl.cc(762)] Request for unknown Channel-associated interface: ui::mojom::GpuMain
[0808/170759.619:ERROR:child_thread_impl.cc(762)] Request for unknown Channel-associated interface: ui::mojom::GpuMain
[0808/171157.421:ERROR:child_thread_impl.cc(762)] Request for unknown Channel-associated interface: ui::mojom::GpuMain
[0808/171513.387:ERROR:child_thread_impl.cc(762)] Request for unknown Channel-associated interface: ui::mojom::GpuMain
[0808/171647.411:ERROR:child_thread_impl.cc(762)] Request for unknown Channel-associated interface: ui::mojom::GpuMain
[0808/172029.255:ERROR:child_thread_impl.cc(762)] Request for unknown Channel-associated interface: ui::mojom::GpuMain
[0808/172446.818:ERROR:child_thread_impl.cc(762)] Request for unknown Channel-associated interface: ui::mojom::GpuMain
[0808/172628.462:ERROR:child_thread_impl.cc(762)] Request for unknown Channel-associated interface: ui::mojom::GpuMain
[0808/173100.230:ERROR:child_thread_impl.cc(762)] Request for unknown Channel-associated interface: ui::mojom::GpuMain
[0808/173233.107:ERROR:child_thread_impl.cc(762)] Request for unknown Channel-associated interface: ui::mojom::GpuMain
[0808/182024.393:ERROR:child_thread_impl.cc(762)] Request for unknown Channel-associated interface: ui::mojom::GpuMain
[0808/182437.399:ERROR:child_thread_impl.cc(762)] Request for unknown Channel-associated interface: ui::mojom::GpuMain
[0808/182814.169:ERROR:child_thread_impl.cc(762)] Request for unknown Channel-associated interface: ui::mojom::GpuMain
[0808/182951.140:ERROR:child_thread_impl.cc(762)] Request for unknown Channel-associated interface: ui::mojom::GpuMain
[0808/185256.322:ERROR:child_thread_impl.cc(762)] Request for unknown Channel-associated interface: ui::mojom::GpuMain
[0808/185305.280:WARNING:quota_manager.cc(1833)] Create directory failed for path
[0808/185305.281:WARNING:quota_manager.cc(1833)] Create directory failed for path
[0808/185400.832:WARNING:spdy_session.cc(2276)] Received HEADERS for invalid stream 93
[0808/185401.683:ERROR:broker_win.cc(138)] Error sending sync broker message
[0808/185455.066:ERROR:child_thread_impl.cc(762)] Request for unknown Channel-associated interface: ui::mojom::GpuMain
[0808/185503.009:WARNING:quota_manager.cc(1833)] Create directory failed for path
[0808/185503.010:WARNING:quota_manager.cc(1833)] Create directory failed for path
[0808/185529.861:WARNING:htmlmediaelement.cpp(1949)] currentPlaybackPosition readyState = 4 but no webMeidaPlayer to provide currentPlaybackPosition
[0808/185537.840:WARNING:htmlmediaelement.cpp(1949)] currentPlaybackPosition readyState = 4 but no webMeidaPlayer to provide currentPlaybackPosition
[0808/185549.159:WARNING:spdy_session.cc(2276)] Received HEADERS for invalid stream 117
[0808/185555.645:WARNING:htmlmediaelement.cpp(1949)] currentPlaybackPosition readyState = 4 but no webMeidaPlayer to provide currentPlaybackPosition
[0808/185602.066:ERROR:render_process_host_impl.cc(2077)] Request for unknown Channel-associated interface: device::mojom::ScreenOrientationListener
[0808/190013.496:ERROR:child_thread_impl.cc(762)] Request for unknown Channel-associated interface: ui::mojom::GpuMain
[0808/190138.738:ERROR:child_thread_impl.cc(762)] Request for unknown Channel-associated interface: ui::mojom::GpuMain
[0808/190153.283:WARNING:quota_manager.cc(1833)] Create directory failed for path
[0808/190153.284:WARNING:quota_manager.cc(1833)] Create directory failed for path
[0808/190155.383:WARNING:spdy_session.cc(2276)] Received HEADERS for invalid stream 73
[0808/190203.376:WARNING:spdy_session.cc(2276)] Received HEADERS for invalid stream 47
[0808/190203.399:WARNING:spdy_session.cc(2276)] Received HEADERS for invalid stream 49
[0808/190216.556:WARNING:quota_manager.cc(1833)] Create directory failed for path
[0808/190216.594:WARNING:quota_manager.cc(1833)] Create directory failed for path
[0808/190834.891:ERROR:child_thread_impl.cc(762)] Request for unknown Channel-associated interface: ui::mojom::GpuMain
[0808/191207.794:ERROR:child_thread_impl.cc(762)] Request for unknown Channel-associated interface: ui::mojom::GpuMain
[0808/191224.169:ERROR:browser_host_impl.cc(1556)] Invalid URL passed to CefBrowserHostImpl::LoadURL: http://
[0808/191241.532:WARNING:quota_manager.cc(1833)] Create directory failed for path
[0808/191241.536:WARNING:quota_manager.cc(1833)] Create directory failed for path
[0808/200409.972:ERROR:child_thread_impl.cc(762)] Request for unknown Channel-associated interface: ui::mojom::GpuMain
[0808/202414.670:ERROR:child_thread_impl.cc(762)] Request for unknown Channel-associated interface: ui::mojom::GpuMain
[0808/202534.594:ERROR:child_thread_impl.cc(762)] Request for unknown Channel-associated interface: ui::mojom::GpuMain
[0808/203047.510:ERROR:child_thread_impl.cc(762)] Request for unknown Channel-associated interface: ui::mojom::GpuMain
[0808/203302.713:ERROR:child_thread_impl.cc(762)] Request for unknown Channel-associated interface: ui::mojom::GpuMain
[0808/203649.960:ERROR:child_thread_impl.cc(762)] Request for unknown Channel-associated interface: ui::mojom::GpuMain
[0808/203651.107:WARNING:ipc_message_attachment_set.cc(49)] MessageAttachmentSet destroyed with unconsumed attachments: 0/1
[0808/203651.107:WARNING:ipc_message_attachment_set.cc(49)] MessageAttachmentSet destroyed with unconsumed attachments: 0/1
[0808/203651.107:WARNING:ipc_message_attachment_set.cc(49)] MessageAttachmentSet destroyed with unconsumed attachments: 0/1
[0808/203754.752:ERROR:child_thread_impl.cc(762)] Request for unknown Channel-associated interface: ui::mojom::GpuMain
[0808/203933.408:ERROR:child_thread_impl.cc(762)] Request for unknown Channel-associated interface: ui::mojom::GpuMain
[0808/204028.732:ERROR:child_thread_impl.cc(762)] Request for unknown Channel-associated interface: ui::mojom::GpuMain
[0808/204352.823:ERROR:child_thread_impl.cc(762)] Request for unknown Channel-associated interface: ui::mojom::GpuMain
[0808/204507.652:ERROR:child_thread_impl.cc(762)] Request for unknown Channel-associated interface: ui::mojom::GpuMain
[0808/211620.058:ERROR:child_thread_impl.cc(762)] Request for unknown Channel-associated interface: ui::mojom::GpuMain
[0808/211750.894:ERROR:child_thread_impl.cc(762)] Request for unknown Channel-associated interface: ui::mojom::GpuMain
[0808/221110.654:ERROR:child_thread_impl.cc(762)] Request for unknown Channel-associated interface: ui::mojom::GpuMain
[0808/222035.142:ERROR:child_thread_impl.cc(762)] Request for unknown Channel-associated interface: ui::mojom::GpuMain
[0808/222149.781:ERROR:child_thread_impl.cc(762)] Request for unknown Channel-associated interface: ui::mojom::GpuMain
[0808/224359.491:ERROR:child_thread_impl.cc(762)] Request for unknown Channel-associated interface: ui::mojom::GpuMain
[0808/224412.310:WARNING:spdy_session.cc(2276)] Received HEADERS for invalid stream 15
[0808/224412.592:WARNING:spdy_session.cc(2276)] Received HEADERS for invalid stream 19
[0808/224412.698:WARNING:spdy_session.cc(2276)] Received HEADERS for invalid stream 21
[0808/224842.896:ERROR:child_thread_impl.cc(762)] Request for unknown Channel-associated interface: ui::mojom::GpuMain
[0808/224852.941:WARNING:spdy_session.cc(2276)] Received HEADERS for invalid stream 15
[0808/224950.604:ERROR:child_thread_impl.cc(762)] Request for unknown Channel-associated interface: ui::mojom::GpuMain
[0808/224956.665:WARNING:spdy_session.cc(2276)] Received HEADERS for invalid stream 11
[0808/224957.585:WARNING:spdy_session.cc(2276)] Received HEADERS for invalid stream 23
[0808/224957.834:WARNING:spdy_session.cc(2276)] Received HEADERS for invalid stream 27
[0808/225347.355:ERROR:child_thread_impl.cc(762)] Request for unknown Channel-associated interface: ui::mojom::GpuMain
[0808/225552.110:ERROR:child_thread_impl.cc(762)] Request for unknown Channel-associated interface: ui::mojom::GpuMain
[0808/225831.775:ERROR:child_thread_impl.cc(762)] Request for unknown Channel-associated interface: ui::mojom::GpuMain
[0809/211621.538:ERROR:child_thread_impl.cc(762)] Request for unknown Channel-associated interface: ui::mojom::GpuMain
[0809/212054.267:ERROR:child_thread_impl.cc(762)] Request for unknown Channel-associated interface: ui::mojom::GpuMain
[0809/212130.753:ERROR:child_thread_impl.cc(762)] Request for unknown Channel-associated interface: ui::mojom::GpuMain
[0809/212244.744:ERROR:child_thread_impl.cc(762)] Request for unknown Channel-associated interface: ui::mojom::GpuMain
[0809/212511.513:ERROR:child_thread_impl.cc(762)] Request for unknown Channel-associated interface: ui::mojom::GpuMain
[0809/212623.688:ERROR:child_thread_impl.cc(762)] Request for unknown Channel-associated interface: ui::mojom::GpuMain
[0809/213158.531:ERROR:child_thread_impl.cc(762)] Request for unknown Channel-associated interface: ui::mojom::GpuMain
[0809/213312.659:ERROR:child_thread_impl.cc(762)] Request for unknown Channel-associated interface: ui::mojom::GpuMain
[0809/213428.407:ERROR:child_thread_impl.cc(762)] Request for unknown Channel-associated interface: ui::mojom::GpuMain
[0809/213550.550:ERROR:child_thread_impl.cc(762)] Request for unknown Channel-associated interface: ui::mojom::GpuMain
[0809/213718.084:ERROR:child_thread_impl.cc(762)] Request for unknown Channel-associated interface: ui::mojom::GpuMain
[0809/213902.094:ERROR:child_thread_impl.cc(762)] Request for unknown Channel-associated interface: ui::mojom::GpuMain
[0809/214023.950:ERROR:child_thread_impl.cc(762)] Request for unknown Channel-associated interface: ui::mojom::GpuMain
[0809/214134.350:ERROR:child_thread_impl.cc(762)] Request for unknown Channel-associated interface: ui::mojom::GpuMain
[0809/214149.266:ERROR:render_media_log.cc(30)] MediaEvent: MEDIA_ERROR_LOG_ENTRY {"error":"FFmpegDemuxer: open context failed"}
[0809/214149.305:ERROR:render_media_log.cc(30)] MediaEvent: PIPELINE_ERROR demuxer: could not open
[0809/214250.942:ERROR:child_thread_impl.cc(762)] Request for unknown Channel-associated interface: ui::mojom::GpuMain
[0809/214412.420:ERROR:child_thread_impl.cc(762)] Request for unknown Channel-associated interface: ui::mojom::GpuMain
[0809/214531.979:ERROR:child_thread_impl.cc(762)] Request for unknown Channel-associated interface: ui::mojom::GpuMain
[0809/214722.813:ERROR:child_thread_impl.cc(762)] Request for unknown Channel-associated interface: ui::mojom::GpuMain
[0809/214734.733:ERROR:render_media_log.cc(30)] MediaEvent: MEDIA_ERROR_LOG_ENTRY {"error":"FFmpegDemuxer: open context failed"}
[0809/214734.734:ERROR:render_media_log.cc(30)] MediaEvent: PIPELINE_ERROR demuxer: could not open
[0809/214735.213:ERROR:render_media_log.cc(30)] MediaEvent: MEDIA_ERROR_LOG_ENTRY {"error":"FFmpegDemuxer: open context failed"}
[0809/214735.247:ERROR:render_media_log.cc(30)] MediaEvent: PIPELINE_ERROR demuxer: could not open
[0809/214836.513:ERROR:child_thread_impl.cc(762)] Request for unknown Channel-associated interface: ui::mojom::GpuMain
[0809/214851.244:WARNING:spdy_session.cc(2276)] Received HEADERS for invalid stream 15
[0809/214851.477:WARNING:spdy_session.cc(2276)] Received HEADERS for invalid stream 19
[0809/214956.115:ERROR:child_thread_impl.cc(762)] Request for unknown Channel-associated interface: ui::mojom::GpuMain
[0809/215007.373:WARNING:spdy_session.cc(2276)] Received HEADERS for invalid stream 15
[0809/215007.459:WARNING:spdy_session.cc(2276)] Received HEADERS for invalid stream 17
[0809/215126.255:ERROR:child_thread_impl.cc(762)] Request for unknown Channel-associated interface: ui::mojom::GpuMain
[0809/215320.473:ERROR:child_thread_impl.cc(762)] Request for unknown Channel-associated interface: ui::mojom::GpuMain
[0809/215454.472:ERROR:child_thread_impl.cc(762)] Request for unknown Channel-associated interface: ui::mojom::GpuMain
[0809/215752.394:ERROR:child_thread_impl.cc(762)] Request for unknown Channel-associated interface: ui::mojom::GpuMain
[0809/215821.265:WARNING:spdy_session.cc(2276)] Received HEADERS for invalid stream 15
[0809/220212.311:ERROR:child_thread_impl.cc(762)] Request for unknown Channel-associated interface: ui::mojom::GpuMain
[0809/220222.519:WARNING:spdy_session.cc(2276)] Received HEADERS for invalid stream 9
[0809/220226.167:ERROR:render_media_log.cc(30)] MediaEvent: MEDIA_ERROR_LOG_ENTRY {"error":"FFmpegDemuxer: open context failed"}
[0809/220226.199:ERROR:render_media_log.cc(30)] MediaEvent: PIPELINE_ERROR demuxer: could not open
[0809/220445.689:ERROR:child_thread_impl.cc(762)] Request for unknown Channel-associated interface: ui::mojom::GpuMain
[0809/220458.259:WARNING:spdy_session.cc(2276)] Received HEADERS for invalid stream 19
[0809/220505.102:ERROR:child_thread_impl.cc(762)] Request for unknown Channel-associated interface: ui::mojom::GpuMain
[0809/220609.976:ERROR:child_thread_impl.cc(762)] Request for unknown Channel-associated interface: ui::mojom::GpuMain
[0809/220950.638:ERROR:child_thread_impl.cc(762)] Request for unknown Channel-associated interface: ui::mojom::GpuMain
[0809/221046.576:ERROR:render_media_log.cc(30)] MediaEvent: MEDIA_ERROR_LOG_ENTRY {"error":"FFmpegDemuxer: open context failed"}
[0809/221046.589:ERROR:render_media_log.cc(30)] MediaEvent: PIPELINE_ERROR demuxer: could not open
[0809/221108.111:ERROR:render_media_log.cc(30)] MediaEvent: MEDIA_ERROR_LOG_ENTRY {"error":"FFmpegDemuxer: open context failed"}
[0809/221108.111:ERROR:render_media_log.cc(30)] MediaEvent: PIPELINE_ERROR demuxer: could not open
[0809/221119.424:WARNING:spdy_session.cc(2276)] Received HEADERS for invalid stream 17
[0809/221122.252:ERROR:render_media_log.cc(30)] MediaEvent: MEDIA_ERROR_LOG_ENTRY {"error":"FFmpegDemuxer: open context failed"}
[0809/221122.252:ERROR:render_media_log.cc(30)] MediaEvent: PIPELINE_ERROR demuxer: could not open
[0809/221626.540:ERROR:child_thread_impl.cc(762)] Request for unknown Channel-associated interface: ui::mojom::GpuMain
[0809/221858.600:ERROR:child_thread_impl.cc(762)] Request for unknown Channel-associated interface: ui::mojom::GpuMain
[0809/222026.847:ERROR:child_thread_impl.cc(762)] Request for unknown Channel-associated interface: ui::mojom::GpuMain
[0809/222925.638:ERROR:child_thread_impl.cc(762)] Request for unknown Channel-associated interface: ui::mojom::GpuMain
[0809/222937.351:WARNING:spdy_session.cc(2276)] Received HEADERS for invalid stream 11
[0809/222937.351:WARNING:spdy_session.cc(2276)] Received HEADERS for invalid stream 13
[0809/223126.068:ERROR:child_thread_impl.cc(762)] Request for unknown Channel-associated interface: ui::mojom::GpuMain
[0809/224717.982:ERROR:child_thread_impl.cc(762)] Request for unknown Channel-associated interface: ui::mojom::GpuMain
[0809/230032.543:ERROR:child_thread_impl.cc(762)] Request for unknown Channel-associated interface: ui::mojom::GpuMain
[0809/230049.565:ERROR:render_media_log.cc(30)] MediaEvent: MEDIA_ERROR_LOG_ENTRY {"error":"FFmpegDemuxer: open context failed"}
[0809/230049.575:ERROR:render_media_log.cc(30)] MediaEvent: PIPELINE_ERROR demuxer: could not open
[0809/230245.095:ERROR:child_thread_impl.cc(762)] Request for unknown Channel-associated interface: ui::mojom::GpuMain
[0809/230417.614:ERROR:child_thread_impl.cc(762)] Request for unknown Channel-associated interface: ui::mojom::GpuMain
[0809/230600.672:ERROR:child_thread_impl.cc(762)] Request for unknown Channel-associated interface: ui::mojom::GpuMain
[0809/230803.090:ERROR:child_thread_impl.cc(762)] Request for unknown Channel-associated interface: ui::mojom::GpuMain
[0809/230909.290:ERROR:child_thread_impl.cc(762)] Request for unknown Channel-associated interface: ui::mojom::GpuMain
[0809/230931.267:WARNING:spdy_session.cc(2276)] Received HEADERS for invalid stream 1
[0809/230956.148:WARNING:spdy_session.cc(2276)] Received HEADERS for invalid stream 1
[0809/230956.645:WARNING:spdy_session.cc(2276)] Received HEADERS for invalid stream 3
[0809/230956.646:WARNING:spdy_session.cc(2276)] Received HEADERS for invalid stream 5
[0809/230956.646:WARNING:spdy_session.cc(2276)] Received HEADERS for invalid stream 7
[0809/230956.646:WARNING:spdy_session.cc(2276)] Received HEADERS for invalid stream 9
[0809/230956.646:WARNING:spdy_session.cc(2276)] Received HEADERS for invalid stream 11
[0809/230956.647:WARNING:spdy_session.cc(2276)] Received HEADERS for invalid stream 13
[0809/230956.647:WARNING:spdy_session.cc(2276)] Received HEADERS for invalid stream 15
[0809/230956.647:WARNING:spdy_session.cc(2276)] Received HEADERS for invalid stream 17
[0809/230956.647:WARNING:spdy_session.cc(2276)] Received HEADERS for invalid stream 19
[0809/230956.647:WARNING:spdy_session.cc(2276)] Received HEADERS for invalid stream 21
[0809/230956.647:WARNING:spdy_session.cc(2276)] Received HEADERS for invalid stream 23
[0809/230956.648:WARNING:spdy_session.cc(2276)] Received HEADERS for invalid stream 25
[0809/230956.653:WARNING:spdy_session.cc(2276)] Received HEADERS for invalid stream 27
[0809/230956.653:WARNING:spdy_session.cc(2276)] Received HEADERS for invalid stream 29
[0809/230956.653:WARNING:spdy_session.cc(2276)] Received HEADERS for invalid stream 31
[0809/230956.653:WARNING:spdy_session.cc(2276)] Received HEADERS for invalid stream 33
[0809/230956.653:WARNING:spdy_session.cc(2276)] Received HEADERS for invalid stream 35
[0809/231005.357:WARNING:spdy_session.cc(2276)] Received HEADERS for invalid stream 17
[0809/231005.459:WARNING:spdy_session.cc(2276)] Received HEADERS for invalid stream 19
[0809/231005.563:WARNING:spdy_session.cc(2276)] Received HEADERS for invalid stream 21
[0809/231017.069:WARNING:spdy_session.cc(2276)] Received HEADERS for invalid stream 49
[0809/231017.166:WARNING:spdy_session.cc(2276)] Received HEADERS for invalid stream 51
[0809/231017.269:WARNING:spdy_session.cc(2276)] Received HEADERS for invalid stream 53
[0809/231020.363:WARNING:spdy_session.cc(2276)] Received HEADERS for invalid stream 75
[0809/231020.368:WARNING:spdy_session.cc(2276)] Received HEADERS for invalid stream 7
[0809/231020.794:WARNING:spdy_session.cc(2276)] Received HEADERS for invalid stream 9
[0809/231031.097:WARNING:spdy_session.cc(2276)] Received HEADERS for invalid stream 85
[0809/231031.191:WARNING:spdy_session.cc(2276)] Received HEADERS for invalid stream 87
[0809/231031.297:WARNING:spdy_session.cc(2276)] Received HEADERS for invalid stream 89
[0809/231033.726:WARNING:spdy_session.cc(2276)] Received HEADERS for invalid stream 103
[0809/231033.824:WARNING:spdy_session.cc(2276)] Received HEADERS for invalid stream 105
[0809/231033.933:WARNING:spdy_session.cc(2276)] Received HEADERS for invalid stream 107
[0809/231035.904:ERROR:render_media_log.cc(30)] MediaEvent: MEDIA_ERROR_LOG_ENTRY {"error":"FFmpegDemuxer: open context failed"}
[0809/231035.904:ERROR:render_media_log.cc(30)] MediaEvent: PIPELINE_ERROR demuxer: could not open
[0809/231036.503:WARNING:spdy_session.cc(2276)] Received HEADERS for invalid stream 119
[0809/231050.106:WARNING:spdy_session.cc(2276)] Received HEADERS for invalid stream 3
[0809/231050.111:WARNING:spdy_session.cc(2276)] Received HEADERS for invalid stream 1
[0809/231050.112:WARNING:spdy_session.cc(2276)] Received HEADERS for invalid stream 3
[0809/231050.113:WARNING:spdy_session.cc(2276)] Received HEADERS for invalid stream 3
[0809/231050.119:WARNING:spdy_session.cc(2276)] Received HEADERS for invalid stream 1
[0809/231050.132:WARNING:spdy_session.cc(2276)] Received HEADERS for invalid stream 1
[0809/231050.172:WARNING:spdy_session.cc(2276)] Received HEADERS for invalid stream 5
[0809/231214.549:ERROR:child_thread_impl.cc(762)] Request for unknown Channel-associated interface: ui::mojom::GpuMain
[0809/231222.442:WARNING:spdy_session.cc(2276)] Received HEADERS for invalid stream 17
[0809/231222.542:WARNING:spdy_session.cc(2276)] Received HEADERS for invalid stream 19
[0809/231222.639:WARNING:spdy_session.cc(2276)] Received HEADERS for invalid stream 21
[0809/231224.457:ERROR:render_media_log.cc(30)] MediaEvent: MEDIA_ERROR_LOG_ENTRY {"error":"FFmpegDemuxer: open context failed"}
[0809/231224.458:ERROR:render_media_log.cc(30)] MediaEvent: PIPELINE_ERROR demuxer: could not open
[0809/231322.829:ERROR:child_thread_impl.cc(762)] Request for unknown Channel-associated interface: ui::mojom::GpuMain
[0809/231329.334:WARNING:spdy_session.cc(2276)] Received HEADERS for invalid stream 17
[0809/231329.427:WARNING:spdy_session.cc(2276)] Received HEADERS for invalid stream 19
[0809/231329.528:WARNING:spdy_session.cc(2276)] Received HEADERS for invalid stream 21
[0809/231331.251:ERROR:render_media_log.cc(30)] MediaEvent: MEDIA_ERROR_LOG_ENTRY {"error":"FFmpegDemuxer: open context failed"}
[0809/231331.254:ERROR:render_media_log.cc(30)] MediaEvent: PIPELINE_ERROR demuxer: could not open
[0809/231501.034:ERROR:child_thread_impl.cc(762)] Request for unknown Channel-associated interface: ui::mojom::GpuMain
[0809/231507.354:WARNING:spdy_session.cc(2276)] Received HEADERS for invalid stream 17
[0809/231507.456:WARNING:spdy_session.cc(2276)] Received HEADERS for invalid stream 19
[0809/231507.563:WARNING:spdy_session.cc(2276)] Received HEADERS for invalid stream 21
[0809/231509.426:ERROR:render_media_log.cc(30)] MediaEvent: MEDIA_ERROR_LOG_ENTRY {"error":"FFmpegDemuxer: open context failed"}
[0809/231509.427:ERROR:render_media_log.cc(30)] MediaEvent: PIPELINE_ERROR demuxer: could not open
[0809/231532.866:WARNING:spdy_session.cc(2276)] Received HEADERS for invalid stream 55
[0809/231532.968:WARNING:spdy_session.cc(2276)] Received HEADERS for invalid stream 57
[0809/231533.067:WARNING:spdy_session.cc(2276)] Received HEADERS for invalid stream 59
[0809/231534.769:ERROR:render_media_log.cc(30)] MediaEvent: MEDIA_ERROR_LOG_ENTRY {"error":"FFmpegDemuxer: open context failed"}
[0809/231534.852:ERROR:render_media_log.cc(30)] MediaEvent: PIPELINE_ERROR demuxer: could not open
[0809/231536.850:WARNING:spdy_session.cc(2276)] Received HEADERS for invalid stream 79
[0809/231537.546:WARNING:spdy_session.cc(2276)] Received HEADERS for invalid stream 85
[0809/231537.962:WARNING:spdy_session.cc(2276)] Received HEADERS for invalid stream 91
[0809/231539.068:ERROR:render_media_log.cc(30)] MediaEvent: MEDIA_ERROR_LOG_ENTRY {"error":"FFmpegDemuxer: open context failed"}
[0809/231539.071:ERROR:render_media_log.cc(30)] MediaEvent: PIPELINE_ERROR demuxer: could not open
[0809/231653.212:ERROR:child_thread_impl.cc(762)] Request for unknown Channel-associated interface: ui::mojom::GpuMain
[0809/231707.023:WARNING:spdy_session.cc(2276)] Received HEADERS for invalid stream 19
[0809/231714.071:WARNING:spdy_session.cc(2276)] Received HEADERS for invalid stream 39
[0809/231721.170:WARNING:spdy_session.cc(2276)] Received HEADERS for invalid stream 55
[0809/231721.273:WARNING:spdy_session.cc(2276)] Received HEADERS for invalid stream 57
[0809/231721.374:WARNING:spdy_session.cc(2276)] Received HEADERS for invalid stream 59
[0809/231722.795:ERROR:render_media_log.cc(30)] MediaEvent: MEDIA_ERROR_LOG_ENTRY {"error":"FFmpegDemuxer: open context failed"}
[0809/231722.795:ERROR:render_media_log.cc(30)] MediaEvent: PIPELINE_ERROR demuxer: could not open
[0809/231728.911:ERROR:render_media_log.cc(30)] MediaEvent: MEDIA_ERROR_LOG_ENTRY {"error":"FFmpegDemuxer: open context failed"}
[0809/231728.911:ERROR:render_media_log.cc(30)] MediaEvent: PIPELINE_ERROR demuxer: could not open
[0809/231730.713:WARNING:spdy_session.cc(2276)] Received HEADERS for invalid stream 97
[0809/231746.521:WARNING:spdy_session.cc(2276)] Received HEADERS for invalid stream 113
[0809/231830.347:WARNING:spdy_session.cc(2276)] Received HEADERS for invalid stream 123
[0809/231842.598:WARNING:spdy_session.cc(2276)] Received HEADERS for invalid stream 139
[0809/231843.253:WARNING:spdy_session.cc(2276)] Received HEADERS for invalid stream 145
[0809/231843.350:WARNING:spdy_session.cc(2276)] Received HEADERS for invalid stream 147
[0809/231845.768:WARNING:spdy_session.cc(2276)] Received HEADERS for invalid stream 157
[0809/231846.720:ERROR:render_media_log.cc(30)] MediaEvent: MEDIA_ERROR_LOG_ENTRY {"error":"FFmpegDemuxer: open context failed"}
[0809/231846.724:ERROR:render_media_log.cc(30)] MediaEvent: PIPELINE_ERROR demuxer: could not open
[0809/231931.828:WARNING:spdy_session.cc(2276)] Received HEADERS for invalid stream 199
[0809/231931.952:WARNING:spdy_session.cc(2276)] Received HEADERS for invalid stream 201
[0809/231932.040:WARNING:spdy_session.cc(2276)] Received HEADERS for invalid stream 203
[0809/231933.306:ERROR:render_media_log.cc(30)] MediaEvent: MEDIA_ERROR_LOG_ENTRY {"error":"FFmpegDemuxer: open context failed"}
[0809/231933.328:ERROR:render_media_log.cc(30)] MediaEvent: PIPELINE_ERROR demuxer: could not open
[0809/231937.823:WARNING:spdy_session.cc(2276)] Received HEADERS for invalid stream 233
[0809/231938.700:ERROR:render_media_log.cc(30)] MediaEvent: MEDIA_ERROR_LOG_ENTRY {"error":"FFmpegDemuxer: open context failed"}
[0809/231938.701:ERROR:render_media_log.cc(30)] MediaEvent: PIPELINE_ERROR demuxer: could not open
[0809/231949.266:ERROR:render_media_log.cc(30)] MediaEvent: MEDIA_ERROR_LOG_ENTRY {"error":"FFmpegDemuxer: open context failed"}
[0809/231949.272:ERROR:render_media_log.cc(30)] MediaEvent: PIPELINE_ERROR demuxer: could not open
[0809/231956.359:ERROR:render_media_log.cc(30)] MediaEvent: MEDIA_ERROR_LOG_ENTRY {"error":"FFmpegDemuxer: open context failed"}
[0809/231956.359:ERROR:render_media_log.cc(30)] MediaEvent: PIPELINE_ERROR demuxer: could not open
[0809/232008.916:WARNING:spdy_session.cc(2276)] Received HEADERS for invalid stream 327
[0809/232009.409:WARNING:spdy_session.cc(2276)] Received HEADERS for invalid stream 331
[0809/232009.518:WARNING:spdy_session.cc(2276)] Received HEADERS for invalid stream 333
[0809/232011.523:ERROR:render_media_log.cc(30)] MediaEvent: MEDIA_ERROR_LOG_ENTRY {"error":"FFmpegDemuxer: open context failed"}
[0809/232011.525:ERROR:render_media_log.cc(30)] MediaEvent: PIPELINE_ERROR demuxer: could not open
[0809/232053.855:WARNING:spdy_session.cc(2276)] Received HEADERS for invalid stream 355
[0809/232053.954:WARNING:spdy_session.cc(2276)] Received HEADERS for invalid stream 357
[0809/232113.812:WARNING:spdy_session.cc(2276)] Received HEADERS for invalid stream 375
[0809/232113.938:WARNING:spdy_session.cc(2276)] Received HEADERS for invalid stream 377
[0809/232114.006:WARNING:spdy_session.cc(2276)] Received HEADERS for invalid stream 379
[0809/232114.856:ERROR:render_media_log.cc(30)] MediaEvent: MEDIA_ERROR_LOG_ENTRY {"error":"FFmpegDemuxer: open context failed"}
[0809/232114.860:ERROR:render_media_log.cc(30)] MediaEvent: PIPELINE_ERROR demuxer: could not open
[0809/232128.582:WARNING:spdy_session.cc(2276)] Received HEADERS for invalid stream 37
[0809/232129.417:WARNING:spdy_session.cc(2276)] Received HEADERS for invalid stream 41
[0809/232145.004:WARNING:spdy_session.cc(2276)] Received HEADERS for invalid stream 439
[0809/232145.108:WARNING:spdy_session.cc(2276)] Received HEADERS for invalid stream 441
[0809/232146.873:ERROR:render_media_log.cc(30)] MediaEvent: MEDIA_ERROR_LOG_ENTRY {"error":"FFmpegDemuxer: open context failed"}
[0809/232146.873:ERROR:render_media_log.cc(30)] MediaEvent: PIPELINE_ERROR demuxer: could not open
[0809/233118.722:ERROR:child_thread_impl.cc(762)] Request for unknown Channel-associated interface: ui::mojom::GpuMain
[0809/233159.923:WARNING:spdy_session.cc(2276)] Received HEADERS for invalid stream 1
[0809/233159.954:WARNING:spdy_session.cc(2276)] Received HEADERS for invalid stream 19
[0809/233245.506:ERROR:child_thread_impl.cc(762)] Request for unknown Channel-associated interface: ui::mojom::GpuMain
[0809/233251.894:WARNING:spdy_session.cc(2276)] Received HEADERS for invalid stream 1
[0809/233252.123:WARNING:spdy_session.cc(2276)] Received HEADERS for invalid stream 3
[0809/233252.139:WARNING:spdy_session.cc(2276)] Received HEADERS for invalid stream 5
[0809/233252.384:WARNING:spdy_session.cc(2276)] Received HEADERS for invalid stream 7
[0809/233252.384:WARNING:spdy_session.cc(2276)] Received HEADERS for invalid stream 9
[0809/233252.384:WARNING:spdy_session.cc(2276)] Received HEADERS for invalid stream 11
[0809/233252.385:WARNING:spdy_session.cc(2276)] Received HEADERS for invalid stream 13
[0809/233252.385:WARNING:spdy_session.cc(2276)] Received HEADERS for invalid stream 15
[0809/233252.385:WARNING:spdy_session.cc(2276)] Received HEADERS for invalid stream 17
[0809/233252.385:WARNING:spdy_session.cc(2276)] Received HEADERS for invalid stream 19
[0809/233256.141:WARNING:spdy_session.cc(2276)] Received HEADERS for invalid stream 3
[0809/233256.896:WARNING:spdy_session.cc(2276)] Received HEADERS for invalid stream 1
[0809/233302.447:WARNING:spdy_session.cc(2276)] Received HEADERS for invalid stream 5
[0809/233302.453:WARNING:spdy_session.cc(2276)] Received HEADERS for invalid stream 9
[0809/233302.460:WARNING:spdy_session.cc(2276)] Received HEADERS for invalid stream 3
[0809/233302.623:WARNING:spdy_session.cc(2276)] Received HEADERS for invalid stream 1
[0809/233302.633:WARNING:spdy_session.cc(2276)] Received HEADERS for invalid stream 7
